<?xml version="1.0" encoding="UTF-8"?>
<!-- Generated by org.testng.reporters.JUnitReportReporter -->
<testsuite hostname="EPHUBUDW2180" name="calculator.xp.CalculatorTest" tests="1" failures="0" timestamp="7 Jun 2016 08:24:39 GMT" time="0.010" errors="0">
  <testcase name="testAdd" time="0.010" classname="calculator.xp.CalculatorTest"/>
</testsuite> <!-- calculator.xp.CalculatorTest -->
